Command line invocation:
    /Applications/Xcode.app/Contents/Developer/usr/bin/xcodebuild -project ../UltraXpert.xcodeproj -scheme UltraXpert -destination "platform=iOS Simulator,name=iPhone 17 Pro" build

Resolve Package Graph


Resolved source packages:
  backend: /Users/sanjaysadha/Desktop/IOS_APP/UltraXpert/backend

2026-03-03 09:13:45.330 xcodebuild[1574:40003] [MT] IDERunDestination: Supported platforms for the buildables in the current scheme is empty.
ComputePackagePrebuildTargetDependencyGraph

Prepare packages

CreateBuildRequest

SendProjectDescription

CreateBuildOperation

ComputeTargetDependencyGraph
note: Building targets in dependency order
note: Target dependency graph (1 target)
    Target 'UltraXpert' in project 'UltraXpert' (no dependencies)

GatherProvisioningInputs

CreateBuildDescription

ExecuteExternalTool /Applications/Xcode.app/Contents/Developer/Toolchains/XcodeDefault.xctoolchain/usr/bin/clang -v -E -dM -isysroot /Applications/Xcode.app/Contents/Developer/Platforms/iPhoneSimulator.platform/Developer/SDKs/iPhoneSimulator26.2.sdk -x c -c /dev/null

ExecuteExternalTool /Applications/Xcode.app/Contents/Developer/usr/bin/actool --print-asset-tag-combinations --output-format xml1 /Users/sanjaysadha/Desktop/IOS_APP/UltraXpert/Assets.xcassets

ExecuteExternalTool /Applications/Xcode.app/Contents/Developer/usr/bin/actool --version --output-format xml1

ExecuteExternalTool /Applications/Xcode.app/Contents/Developer/Toolchains/XcodeDefault.xctoolchain/usr/bin/swiftc --version

ExecuteExternalTool /Applications/Xcode.app/Contents/Developer/Toolchains/XcodeDefault.xctoolchain/usr/bin/ld -version_details

Build description signature: 315712f023baf6f1904ab54ae9df9b97
Build description path: /Users/sanjaysadha/Library/Developer/Xcode/DerivedData/UltraXpert-fktejjnsubvtwbglzgalebjkyxuf/Build/Intermediates.noindex/XCBuildData/315712f023baf6f1904ab54ae9df9b97.xcbuilddata
ClangStatCache /Applications/Xcode.app/Contents/Developer/Toolchains/XcodeDefault.xctoolchain/usr/bin/clang-stat-cache /Applications/Xcode.app/Contents/Developer/Platforms/iPhoneSimulator.platform/Developer/SDKs/iPhoneSimulator26.2.sdk /Users/sanjaysadha/Library/Developer/Xcode/DerivedData/SDKStatCaches.noindex/iphonesimulator26.2-23C53-7d00a8b37fbd7999ea79df8ebc024bf0.sdkstatcache
    cd /Users/sanjaysadha/Desktop/IOS_APP/UltraXpert.xcodeproj
    /Applications/Xcode.app/Contents/Developer/Toolchains/XcodeDefault.xctoolchain/usr/bin/clang-stat-cache /Applications/Xcode.app/Contents/Developer/Platforms/iPhoneSimulator.platform/Developer/SDKs/iPhoneSimulator26.2.sdk -o /Users/sanjaysadha/Library/Developer/Xcode/DerivedData/SDKStatCaches.noindex/iphonesimulator26.2-23C53-7d00a8b37fbd7999ea79df8ebc024bf0.sdkstatcache

ProcessProductPackaging "" /Users/sanjaysadha/Library/Developer/Xcode/DerivedData/UltraXpert-fktejjnsubvtwbglzgalebjkyxuf/Build/Intermediates.noindex/UltraXpert.build/Debug-iphonesimulator/UltraXpert.build/UltraXpert.app-Simulated.xcent (in target 'UltraXpert' from project 'UltraXpert')
    cd /Users/sanjaysadha/Desktop/IOS_APP
    
    Entitlements:
    
    {
    "application-identifier" = "FAKETEAMID.com.sanjay.ultrasound-com.sanjay.ultrasound-com.sanjay.ultrasound.UltraXpert";
}
    
    builtin-productPackagingUtility -entitlements -format xml -o /Users/sanjaysadha/Library/Developer/Xcode/DerivedData/UltraXpert-fktejjnsubvtwbglzgalebjkyxuf/Build/Intermediates.noindex/UltraXpert.build/Debug-iphonesimulator/UltraXpert.build/UltraXpert.app-Simulated.xcent

ProcessProductPackagingDER /Users/sanjaysadha/Library/Developer/Xcode/DerivedData/UltraXpert-fktejjnsubvtwbglzgalebjkyxuf/Build/Intermediates.noindex/UltraXpert.build/Debug-iphonesimulator/UltraXpert.build/UltraXpert.app-Simulated.xcent /Users/sanjaysadha/Library/Developer/Xcode/DerivedData/UltraXpert-fktejjnsubvtwbglzgalebjkyxuf/Build/Intermediates.noindex/UltraXpert.build/Debug-iphonesimulator/UltraXpert.build/UltraXpert.app-Simulated.xcent.der (in target 'UltraXpert' from project 'UltraXpert')
    cd /Users/sanjaysadha/Desktop/IOS_APP
    /usr/bin/derq query -f xml -i /Users/sanjaysadha/Library/Developer/Xcode/DerivedData/UltraXpert-fktejjnsubvtwbglzgalebjkyxuf/Build/Intermediates.noindex/UltraXpert.build/Debug-iphonesimulator/UltraXpert.build/UltraXpert.app-Simulated.xcent -o /Users/sanjaysadha/Library/Developer/Xcode/DerivedData/UltraXpert-fktejjnsubvtwbglzgalebjkyxuf/Build/Intermediates.noindex/UltraXpert.build/Debug-iphonesimulator/UltraXpert.build/UltraXpert.app-Simulated.xcent.der --raw

CpResource /Users/sanjaysadha/Library/Developer/Xcode/DerivedData/UltraXpert-fktejjnsubvtwbglzgalebjkyxuf/Build/Products/Debug-iphonesimulator/UltraXpert.app/build.log /Users/sanjaysadha/Desktop/IOS_APP/UltraXpert/build.log (in target 'UltraXpert' from project 'UltraXpert')
    cd /Users/sanjaysadha/Desktop/IOS_APP
    builtin-copy -exclude .DS_Store -exclude CVS -exclude .svn -exclude .git -exclude .hg -resolve-src-symlinks /Users/sanjaysadha/Desktop/IOS_APP/UltraXpert/build.log /Users/sanjaysadha/Library/Developer/Xcode/DerivedData/UltraXpert-fktejjnsubvtwbglzgalebjkyxuf/Build/Products/Debug-iphonesimulator/UltraXpert.app

ProcessInfoPlistFile /Users/sanjaysadha/Library/Developer/Xcode/DerivedData/UltraXpert-fktejjnsubvtwbglzgalebjkyxuf/Build/Products/Debug-iphonesimulator/UltraXpert.app/Info.plist /Users/sanjaysadha/Library/Developer/Xcode/DerivedData/UltraXpert-fktejjnsubvtwbglzgalebjkyxuf/Build/Intermediates.noindex/UltraXpert.build/Debug-iphonesimulator/UltraXpert.build/empty-UltraXpert.plist (in target 'UltraXpert' from project 'UltraXpert')
    cd /Users/sanjaysadha/Desktop/IOS_APP
    builtin-infoPlistUtility /Users/sanjaysadha/Library/Developer/Xcode/DerivedData/UltraXpert-fktejjnsubvtwbglzgalebjkyxuf/Build/Intermediates.noindex/UltraXpert.build/Debug-iphonesimulator/UltraXpert.build/empty-UltraXpert.plist -producttype com.apple.product-type.application -genpkginfo /Users/sanjaysadha/Library/Developer/Xcode/DerivedData/UltraXpert-fktejjnsubvtwbglzgalebjkyxuf/Build/Products/Debug-iphonesimulator/UltraXpert.app/PkgInfo -expandbuildsettings -format binary -platform iphonesimulator -additionalcontentfile /Users/sanjaysadha/Library/Developer/Xcode/DerivedData/UltraXpert-fktejjnsubvtwbglzgalebjkyxuf/Build/Intermediates.noindex/UltraXpert.build/Debug-iphonesimulator/UltraXpert.build/assetcatalog_generated_info.plist -o /Users/sanjaysadha/Library/Developer/Xcode/DerivedData/UltraXpert-fktejjnsubvtwbglzgalebjkyxuf/Build/Products/Debug-iphonesimulator/UltraXpert.app/Info.plist

Ld /Users/sanjaysadha/Library/Developer/Xcode/DerivedData/UltraXpert-fktejjnsubvtwbglzgalebjkyxuf/Build/Products/Debug-iphonesimulator/UltraXpert.app/UltraXpert.debug.dylib normal (in target 'UltraXpert' from project 'UltraXpert')
    cd /Users/sanjaysadha/Desktop/IOS_APP
    /Applications/Xcode.app/Contents/Developer/Toolchains/XcodeDefault.xctoolchain/usr/bin/clang -Xlinker -reproducible -target arm64-apple-ios26.2-simulator -dynamiclib -isysroot /Applications/Xcode.app/Contents/Developer/Platforms/iPhoneSimulator.platform/Developer/SDKs/iPhoneSimulator26.2.sdk -O0 -L/Users/sanjaysadha/Library/Developer/Xcode/DerivedData/UltraXpert-fktejjnsubvtwbglzgalebjkyxuf/Build/Intermediates.noindex/EagerLinkingTBDs/Debug-iphonesimulator -L/Users/sanjaysadha/Library/Developer/Xcode/DerivedData/UltraXpert-fktejjnsubvtwbglzgalebjkyxuf/Build/Products/Debug-iphonesimulator -L/Users/sanjaysadha/Desktop/IOS_APP/UltraXpert/backend/venv/lib/python3.10/site-packages/bcrypt -L/Users/sanjaysadha/Desktop/IOS_APP/UltraXpert/backend/venv/lib/python3.10/site-packages/cryptography/hazmat/bindings -L/Users/sanjaysadha/Desktop/IOS_APP/UltraXpert/backend/venv/lib/python3.10/site-packages/pydantic_core -F/Users/sanjaysadha/Library/Developer/Xcode/DerivedData/UltraXpert-fktejjnsubvtwbglzgalebjkyxuf/Build/Intermediates.noindex/EagerLinkingTBDs/Debug-iphonesimulator -F/Users/sanjaysadha/Library/Developer/Xcode/DerivedData/UltraXpert-fktejjnsubvtwbglzgalebjkyxuf/Build/Products/Debug-iphonesimulator -filelist /Users/sanjaysadha/Library/Developer/Xcode/DerivedData/UltraXpert-fktejjnsubvtwbglzgalebjkyxuf/Build/Intermediates.noindex/UltraXpert.build/Debug-iphonesimulator/UltraXpert.build/Objects-normal/arm64/UltraXpert.LinkFileList -install_name @rpath/UltraXpert.debug.dylib -Xlinker -rpath -Xlinker @executable_path/Frameworks -dead_strip -Xlinker -object_path_lto -Xlinker /Users/sanjaysadha/Library/Developer/Xcode/DerivedData/UltraXpert-fktejjnsubvtwbglzgalebjkyxuf/Build/Intermediates.noindex/UltraXpert.build/Debug-iphonesimulator/UltraXpert.build/Objects-normal/arm64/UltraXpert_lto.o -rdynamic -Xlinker -no_deduplicate -Xlinker -objc_abi_version -Xlinker 2 -Xlinker -dependency_info -Xlinker /Users/sanjaysadha/Library/Developer/Xcode/DerivedData/UltraXpert-fktejjnsubvtwbglzgalebjkyxuf/Build/Intermediates.noindex/UltraXpert.build/Debug-iphonesimulator/UltraXpert.build/Objects-normal/arm64/UltraXpert_dependency_info.dat -fobjc-link-runtime -L/Applications/Xcode.app/Contents/Developer/Toolchains/XcodeDefault.xctoolchain/usr/lib/swift/iphonesimulator -L/usr/lib/swift -Xlinker -add_ast_path -Xlinker /Users/sanjaysadha/Library/Developer/Xcode/DerivedData/UltraXpert-fktejjnsubvtwbglzgalebjkyxuf/Build/Intermediates.noindex/UltraXpert.build/Debug-iphonesimulator/UltraXpert.build/Objects-normal/arm64/UltraXpert.swiftmodule @/Users/sanjaysadha/Library/Developer/Xcode/DerivedData/UltraXpert-fktejjnsubvtwbglzgalebjkyxuf/Build/Intermediates.noindex/UltraXpert.build/Debug-iphonesimulator/UltraXpert.build/Objects-normal/arm64/UltraXpert-linker-args.resp -Xlinker -alias -Xlinker _main -Xlinker ___debug_main_executable_dylib_entry_point -Xlinker -no_adhoc_codesign -o /Users/sanjaysadha/Library/Developer/Xcode/DerivedData/UltraXpert-fktejjnsubvtwbglzgalebjkyxuf/Build/Products/Debug-iphonesimulator/UltraXpert.app/UltraXpert.debug.dylib

ConstructStubExecutorLinkFileList /Users/sanjaysadha/Library/Developer/Xcode/DerivedData/UltraXpert-fktejjnsubvtwbglzgalebjkyxuf/Build/Intermediates.noindex/UltraXpert.build/Debug-iphonesimulator/UltraXpert.build/UltraXpert-ExecutorLinkFileList-normal-arm64.txt (in target 'UltraXpert' from project 'UltraXpert')
    cd /Users/sanjaysadha/Desktop/IOS_APP
    construct-stub-executor-link-file-list /Users/sanjaysadha/Library/Developer/Xcode/DerivedData/UltraXpert-fktejjnsubvtwbglzgalebjkyxuf/Build/Products/Debug-iphonesimulator/UltraXpert.app/UltraXpert.debug.dylib /Applications/Xcode.app/Contents/Developer/Platforms/iPhoneSimulator.platform/Developer/usr/lib/libPreviewsJITStubExecutor_no_swift_entry_point.a /Applications/Xcode.app/Contents/Developer/Platforms/iPhoneSimulator.platform/Developer/usr/lib/libPreviewsJITStubExecutor.a --output /Users/sanjaysadha/Library/Developer/Xcode/DerivedData/UltraXpert-fktejjnsubvtwbglzgalebjkyxuf/Build/Intermediates.noindex/UltraXpert.build/Debug-iphonesimulator/UltraXpert.build/UltraXpert-ExecutorLinkFileList-normal-arm64.txt
note: Using stub executor library with Swift entry point. (in target 'UltraXpert' from project 'UltraXpert')

Ld /Users/sanjaysadha/Library/Developer/Xcode/DerivedData/UltraXpert-fktejjnsubvtwbglzgalebjkyxuf/Build/Products/Debug-iphonesimulator/UltraXpert.app/UltraXpert normal (in target 'UltraXpert' from project 'UltraXpert')
    cd /Users/sanjaysadha/Desktop/IOS_APP
    /Applications/Xcode.app/Contents/Developer/Toolchains/XcodeDefault.xctoolchain/usr/bin/clang -Xlinker -reproducible -target arm64-apple-ios26.2-simulator -isysroot /Applications/Xcode.app/Contents/Developer/Platforms/iPhoneSimulator.platform/Developer/SDKs/iPhoneSimulator26.2.sdk -O0 -L/Users/sanjaysadha/Library/Developer/Xcode/DerivedData/UltraXpert-fktejjnsubvtwbglzgalebjkyxuf/Build/Products/Debug-iphonesimulator -L/Users/sanjaysadha/Desktop/IOS_APP/UltraXpert/backend/venv/lib/python3.10/site-packages/bcrypt -L/Users/sanjaysadha/Desktop/IOS_APP/UltraXpert/backend/venv/lib/python3.10/site-packages/cryptography/hazmat/bindings -L/Users/sanjaysadha/Desktop/IOS_APP/UltraXpert/backend/venv/lib/python3.10/site-packages/pydantic_core -F/Users/sanjaysadha/Library/Developer/Xcode/DerivedData/UltraXpert-fktejjnsubvtwbglzgalebjkyxuf/Build/Products/Debug-iphonesimulator -Xlinker -rpath -Xlinker @executable_path -Xlinker -rpath -Xlinker @executable_path/Frameworks -rdynamic -Xlinker -no_deduplicate -Xlinker -objc_abi_version -Xlinker 2 -e ___debug_blank_executor_main -Xlinker -sectcreate -Xlinker __TEXT -Xlinker __debug_dylib -Xlinker /Users/sanjaysadha/Library/Developer/Xcode/DerivedData/UltraXpert-fktejjnsubvtwbglzgalebjkyxuf/Build/Intermediates.noindex/UltraXpert.build/Debug-iphonesimulator/UltraXpert.build/UltraXpert-DebugDylibPath-normal-arm64.txt -Xlinker -sectcreate -Xlinker __TEXT -Xlinker __debug_instlnm -Xlinker /Users/sanjaysadha/Library/Developer/Xcode/DerivedData/UltraXpert-fktejjnsubvtwbglzgalebjkyxuf/Build/Intermediates.noindex/UltraXpert.build/Debug-iphonesimulator/UltraXpert.build/UltraXpert-DebugDylibInstallName-normal-arm64.txt -Xlinker -filelist -Xlinker /Users/sanjaysadha/Library/Developer/Xcode/DerivedData/UltraXpert-fktejjnsubvtwbglzgalebjkyxuf/Build/Intermediates.noindex/UltraXpert.build/Debug-iphonesimulator/UltraXpert.build/UltraXpert-ExecutorLinkFileList-normal-arm64.txt -Xlinker -sectcreate -Xlinker __TEXT -Xlinker __entitlements -Xlinker /Users/sanjaysadha/Library/Developer/Xcode/DerivedData/UltraXpert-fktejjnsubvtwbglzgalebjkyxuf/Build/Intermediates.noindex/UltraXpert.build/Debug-iphonesimulator/UltraXpert.build/UltraXpert.app-Simulated.xcent -Xlinker -sectcreate -Xlinker __TEXT -Xlinker __ents_der -Xlinker /Users/sanjaysadha/Library/Developer/Xcode/DerivedData/UltraXpert-fktejjnsubvtwbglzgalebjkyxuf/Build/Intermediates.noindex/UltraXpert.build/Debug-iphonesimulator/UltraXpert.build/UltraXpert.app-Simulated.xcent.der /Users/sanjaysadha/Library/Developer/Xcode/DerivedData/UltraXpert-fktejjnsubvtwbglzgalebjkyxuf/Build/Products/Debug-iphonesimulator/UltraXpert.app/UltraXpert.debug.dylib -Xlinker -no_adhoc_codesign -o /Users/sanjaysadha/Library/Developer/Xcode/DerivedData/UltraXpert-fktejjnsubvtwbglzgalebjkyxuf/Build/Products/Debug-iphonesimulator/UltraXpert.app/UltraXpert

CopySwiftLibs /Users/sanjaysadha/Library/Developer/Xcode/DerivedData/UltraXpert-fktejjnsubvtwbglzgalebjkyxuf/Build/Products/Debug-iphonesimulator/UltraXpert.app (in target 'UltraXpert' from project 'UltraXpert')
    cd /Users/sanjaysadha/Desktop/IOS_APP
    builtin-swiftStdLibTool --copy --verbose --sign - --scan-executable /Users/sanjaysadha/Library/Developer/Xcode/DerivedData/UltraXpert-fktejjnsubvtwbglzgalebjkyxuf/Build/Products/Debug-iphonesimulator/UltraXpert.app/UltraXpert.debug.dylib --scan-folder /Users/sanjaysadha/Library/Developer/Xcode/DerivedData/UltraXpert-fktejjnsubvtwbglzgalebjkyxuf/Build/Products/Debug-iphonesimulator/UltraXpert.app/Frameworks --scan-folder /Users/sanjaysadha/Library/Developer/Xcode/DerivedData/UltraXpert-fktejjnsubvtwbglzgalebjkyxuf/Build/Products/Debug-iphonesimulator/UltraXpert.app/PlugIns --scan-folder /Users/sanjaysadha/Library/Developer/Xcode/DerivedData/UltraXpert-fktejjnsubvtwbglzgalebjkyxuf/Build/Products/Debug-iphonesimulator/UltraXpert.app/SystemExtensions --scan-folder /Users/sanjaysadha/Library/Developer/Xcode/DerivedData/UltraXpert-fktejjnsubvtwbglzgalebjkyxuf/Build/Products/Debug-iphonesimulator/UltraXpert.app/Extensions --platform iphonesimulator --toolchain /Applications/Xcode.app/Contents/Developer/Toolchains/XcodeDefault.xctoolchain --destination /Users/sanjaysadha/Library/Developer/Xcode/DerivedData/UltraXpert-fktejjnsubvtwbglzgalebjkyxuf/Build/Products/Debug-iphonesimulator/UltraXpert.app/Frameworks --strip-bitcode --strip-bitcode-tool /Applications/Xcode.app/Contents/Developer/Toolchains/XcodeDefault.xctoolchain/usr/bin/bitcode_strip --emit-dependency-info /Users/sanjaysadha/Library/Developer/Xcode/DerivedData/UltraXpert-fktejjnsubvtwbglzgalebjkyxuf/Build/Intermediates.noindex/UltraXpert.build/Debug-iphonesimulator/UltraXpert.build/SwiftStdLibToolInputDependencies.dep --filter-for-swift-os

ExtractAppIntentsMetadata (in target 'UltraXpert' from project 'UltraXpert')
    cd /Users/sanjaysadha/Desktop/IOS_APP
    /Applications/Xcode.app/Contents/Developer/Toolchains/XcodeDefault.xctoolchain/usr/bin/appintentsmetadataprocessor --toolchain-dir /Applications/Xcode.app/Contents/Developer/Toolchains/XcodeDefault.xctoolchain --module-name UltraXpert --sdk-root /Applications/Xcode.app/Contents/Developer/Platforms/iPhoneSimulator.platform/Developer/SDKs/iPhoneSimulator26.2.sdk --xcode-version 17C52 --platform-family iOS --deployment-target 26.2 --bundle-identifier com.sanjay.ultrasound-com.sanjay.ultrasound-com.sanjay.ultrasound.UltraXpert --output /Users/sanjaysadha/Library/Developer/Xcode/DerivedData/UltraXpert-fktejjnsubvtwbglzgalebjkyxuf/Build/Products/Debug-iphonesimulator/UltraXpert.app --target-triple arm64-apple-ios26.2-simulator --binary-file /Users/sanjaysadha/Library/Developer/Xcode/DerivedData/UltraXpert-fktejjnsubvtwbglzgalebjkyxuf/Build/Products/Debug-iphonesimulator/UltraXpert.app/UltraXpert --dependency-file /Users/sanjaysadha/Library/Developer/Xcode/DerivedData/UltraXpert-fktejjnsubvtwbglzgalebjkyxuf/Build/Intermediates.noindex/UltraXpert.build/Debug-iphonesimulator/UltraXpert.build/Objects-normal/arm64/UltraXpert_dependency_info.dat --stringsdata-file /Users/sanjaysadha/Library/Developer/Xcode/DerivedData/UltraXpert-fktejjnsubvtwbglzgalebjkyxuf/Build/Intermediates.noindex/UltraXpert.build/Debug-iphonesimulator/UltraXpert.build/Objects-normal/arm64/ExtractedAppShortcutsMetadata.stringsdata --source-file-list /Users/sanjaysadha/Library/Developer/Xcode/DerivedData/UltraXpert-fktejjnsubvtwbglzgalebjkyxuf/Build/Intermediates.noindex/UltraXpert.build/Debug-iphonesimulator/UltraXpert.build/Objects-normal/arm64/UltraXpert.SwiftFileList --metadata-file-list /Users/sanjaysadha/Library/Developer/Xcode/DerivedData/UltraXpert-fktejjnsubvtwbglzgalebjkyxuf/Build/Intermediates.noindex/UltraXpert.build/Debug-iphonesimulator/UltraXpert.build/UltraXpert.DependencyMetadataFileList --static-metadata-file-list /Users/sanjaysadha/Library/Developer/Xcode/DerivedData/UltraXpert-fktejjnsubvtwbglzgalebjkyxuf/Build/Intermediates.noindex/UltraXpert.build/Debug-iphonesimulator/UltraXpert.build/UltraXpert.DependencyStaticMetadataFileList --swift-const-vals-list /Users/sanjaysadha/Library/Developer/Xcode/DerivedData/UltraXpert-fktejjnsubvtwbglzgalebjkyxuf/Build/Intermediates.noindex/UltraXpert.build/Debug-iphonesimulator/UltraXpert.build/Objects-normal/arm64/UltraXpert.SwiftConstValuesFileList --compile-time-extraction --deployment-aware-processing --validate-assistant-intents --no-app-shortcuts-localization
2026-03-03 09:13:46.825 appintentsmetadataprocessor[1604:40235] Starting appintentsmetadataprocessor export
2026-03-03 09:13:46.826 appintentsmetadataprocessor[1604:40235] warning: Metadata extraction skipped. No AppIntents.framework dependency found.

CodeSign /Users/sanjaysadha/Library/Developer/Xcode/DerivedData/UltraXpert-fktejjnsubvtwbglzgalebjkyxuf/Build/Products/Debug-iphonesimulator/UltraXpert.app/UltraXpert.debug.dylib (in target 'UltraXpert' from project 'UltraXpert')
    cd /Users/sanjaysadha/Desktop/IOS_APP
    
    Signing Identity:     "Sign to Run Locally"
    
    /usr/bin/codesign --force --sign - --timestamp\=none --generate-entitlement-der /Users/sanjaysadha/Library/Developer/Xcode/DerivedData/UltraXpert-fktejjnsubvtwbglzgalebjkyxuf/Build/Products/Debug-iphonesimulator/UltraXpert.app/UltraXpert.debug.dylib

CodeSign /Users/sanjaysadha/Library/Developer/Xcode/DerivedData/UltraXpert-fktejjnsubvtwbglzgalebjkyxuf/Build/Products/Debug-iphonesimulator/UltraXpert.app/__preview.dylib (in target 'UltraXpert' from project 'UltraXpert')
    cd /Users/sanjaysadha/Desktop/IOS_APP
    
    Signing Identity:     "Sign to Run Locally"
    
    /usr/bin/codesign --force --sign - --timestamp\=none --generate-entitlement-der /Users/sanjaysadha/Library/Developer/Xcode/DerivedData/UltraXpert-fktejjnsubvtwbglzgalebjkyxuf/Build/Products/Debug-iphonesimulator/UltraXpert.app/__preview.dylib
/Users/sanjaysadha/Library/Developer/Xcode/DerivedData/UltraXpert-fktejjnsubvtwbglzgalebjkyxuf/Build/Products/Debug-iphonesimulator/UltraXpert.app/__preview.dylib: replacing existing signature

CodeSign /Users/sanjaysadha/Library/Developer/Xcode/DerivedData/UltraXpert-fktejjnsubvtwbglzgalebjkyxuf/Build/Products/Debug-iphonesimulator/UltraXpert.app (in target 'UltraXpert' from project 'UltraXpert')
    cd /Users/sanjaysadha/Desktop/IOS_APP
    
    Signing Identity:     "Sign to Run Locally"
    
    /usr/bin/codesign --force --sign - --timestamp\=none --generate-entitlement-der /Users/sanjaysadha/Library/Developer/Xcode/DerivedData/UltraXpert-fktejjnsubvtwbglzgalebjkyxuf/Build/Products/Debug-iphonesimulator/UltraXpert.app

Validate /Users/sanjaysadha/Library/Developer/Xcode/DerivedData/UltraXpert-fktejjnsubvtwbglzgalebjkyxuf/Build/Products/Debug-iphonesimulator/UltraXpert.app (in target 'UltraXpert' from project 'UltraXpert')
    cd /Users/sanjaysadha/Desktop/IOS_APP
    builtin-validationUtility /Users/sanjaysadha/Library/Developer/Xcode/DerivedData/UltraXpert-fktejjnsubvtwbglzgalebjkyxuf/Build/Products/Debug-iphonesimulator/UltraXpert.app -shallow-bundle -infoplist-subpath Info.plist

** BUILD SUCCEEDED **

