Command line invocation:
    /Applications/Xcode.app/Contents/Developer/usr/bin/xcodebuild -project ../UltraXpert.xcodeproj -scheme UltraXpert clean build

Resolve Package Graph


Resolved source packages:
  backend: /Users/sanjaysadha/Desktop/IOS_APP/UltraXpert/backend

CreateBuildRequest

SendProjectDescription

CreateBuildOperation

** CLEAN SUCCEEDED **

ComputePackagePrebuildTargetDependencyGraph

Prepare packages

CreateBuildRequest

SendProjectDescription

CreateBuildOperation

ComputeTargetDependencyGraph
note: Building targets in dependency order
note: Target dependency graph (1 target)
    Target 'UltraXpert' in project 'UltraXpert' (no dependencies)

GatherProvisioningInputs

CreateBuildDescription

ExecuteExternalTool /Applications/Xcode.app/Contents/Developer/Toolchains/XcodeDefault.xctoolchain/usr/bin/clang -v -E -dM -isysroot /Applications/Xcode.app/Contents/Developer/Platforms/iPhoneOS.platform/Developer/SDKs/iPhoneOS26.2.sdk -x c -c /dev/null

ExecuteExternalTool /Applications/Xcode.app/Contents/Developer/usr/bin/actool --print-asset-tag-combinations --output-format xml1 /Users/sanjaysadha/Desktop/IOS_APP/UltraXpert/Assets.xcassets

ExecuteExternalTool /Applications/Xcode.app/Contents/Developer/usr/bin/actool --version --output-format xml1

ExecuteExternalTool /Applications/Xcode.app/Contents/Developer/Toolchains/XcodeDefault.xctoolchain/usr/bin/swiftc --version

ExecuteExternalTool /Applications/Xcode.app/Contents/Developer/Toolchains/XcodeDefault.xctoolchain/usr/bin/ld -version_details

Build description signature: 2a7b957a659e3be6f8dda1e6d39fed23
Build description path: /Users/sanjaysadha/Library/Developer/Xcode/DerivedData/UltraXpert-fktejjnsubvtwbglzgalebjkyxuf/Build/Intermediates.noindex/XCBuildData/2a7b957a659e3be6f8dda1e6d39fed23.xcbuilddata
/Users/sanjaysadha/Desktop/IOS_APP/UltraXpert.xcodeproj: error: Signing for "UltraXpert" requires a development team. Select a development team in the Signing & Capabilities editor. (in target 'UltraXpert' from project 'UltraXpert')
